 0 10 11 20 
 1 11 12 21 
 2 12 13 22 
 3 4 13 14 23 
 4 14 15 24 
 5 6 15 16 25 
 6 16 17 26 
 7 17 18 27 
 8 18 19 28 
 9 10 19 29 
 10 20 29 30 
 11 12 20 21 31 
 12 13 21 22 32 
 13 22 23 33 
 14 23 24 34 
 15 24 25 35 
 16 25 26 36 
 17 26 27 37 
 18 19 27 28 38 
 19 28 29 39 
 20 21 29 30 31 40 41 
 21 31 32 41 42 
 22 32 33 43 
 23 33 34 44 
 24 25 34 35 45 
 25 35 36 46 47 
 26 27 36 37 47 48 
 27 28 37 38 49 
 28 38 39 50 
 29 30 39 51 
 30 31 40 51 52 
 31 41 42 53 
 32 33 42 43 55 
 33 43 44 56 
 34 35 44 45 57 58 
 35 45 46 59 
 36 47 48 60 
 37 38 48 49 62 
 38 49 50 63 
 39 50 51 64 65 
 40 41 51 52 53 66 
 41 42 53 54 67 
 42 54 55 68 
 43 55 56 69 70 
 44 56 57 70 71 
 45 46 58 59 72 
 46 47 59 60 73 
 47 48 60 61 74 
 48 61 62 75 
 49 62 63 76 77 
 50 63 64 77 78 
 51 52 65 79 
 52 65 66 79 80 
 53 66 67 81 
 54 55 67 68 82 83 
 55 56 68 69 83 84 
 56 57 69 70 84 85 
 57 58 70 71 85 86 
 58 59 71 72 86 
 59 72 73 87 
 60 73 74 88 
 61 62 74 75 89 90 
 62 63 75 76 90 91 
 63 64 76 77 91 92 
 64 65 77 78 92 93 
 65 78 79 93 
 66 67 79 80 81 94 
 67 81 82 95 
 68 82 83 96 
 69 70 83 84 97 
 70 71 84 85 98 
 71 72 85 86 99 
 72 73 86 87 100 
 73 74 87 88 101 
 74 75 88 89 102 
 75 76 89 90 103 
 76 77 90 91 104 
 77 78 91 92 105 
 78 79 92 93 106 
 79 80 93 107 
 80 81 93 94 107 108 
 81 82 94 95 109 
 82 83 95 96 110 
 83 84 96 97 111 
 84 85 97 98 112 
 85 86 98 99 113 
 86 87 99 100 114 
 87 88 100 101 115 
 88 89 101 102 116 
 89 90 102 103 117 
 90 91 103 104 118 
 91 92 104 105 119 
 92 93 105 106 120 
 93 106 107 121 
 94 95 107 108 109 
 95 96 109 110 133 
 96 97 110 111 
 97 98 111 112 136 
 98 99 112 113 137 
 99 100 113 114 
 100 101 114 115 
 101 102 115 116 
 102 103 116 117 143 
 103 104 117 118 
 104 105 118 119 146 
 105 106 119 120 147 
 106 107 120 121 
 107 108 121 130 
 108 109 121 122 130 131 132 150 151 166 
 109 110 122 123 131 132 133 151 152 167 
 110 111 123 133 134 152 153 168 
 111 112 134 135 136 153 154 155 169 
 112 113 124 125 136 137 155 156 170 
 113 114 125 137 138 139 156 157 
 114 115 138 139 140 157 158 
 115 116 126 140 141 142 158 159 172 
 116 117 126 127 141 142 143 159 160 173 
 117 118 127 143 144 160 161 174 
 118 119 144 145 146 161 162 163 175 
 119 120 128 129 146 147 163 164 176 
 120 121 129 147 148 149 164 165 
 121 130 148 149 150 165 
 122 123 130 131 132 150 151 152 167 
 123 132 133 151 152 
 124 125 136 137 155 156 
 125 137 138 139 155 156 157 
 126 127 140 141 142 158 159 160 173 
 127 142 143 159 160 
 128 129 146 147 163 164 
 129 147 148 149 163 164 
 130 131 149 150 151 165 166 177 
 131 132 150 151 166 167 
 132 133 150 151 152 166 167 168 
 133 134 152 153 167 168 
 134 135 152 153 154 168 169 
 135 136 153 154 155 168 169 
 136 137 154 155 169 170 
 137 138 154 155 156 157 169 170 171 
 138 139 156 157 170 171 
 139 140 156 157 158 171 172 
 140 141 157 158 159 171 172 
 141 142 158 159 172 173 
 142 143 158 159 160 172 173 174 
 143 144 160 161 173 174 
 144 145 160 161 162 174 175 
 145 146 161 162 163 174 175 
 146 147 162 163 175 176 
 147 148 162 163 164 165 175 176 177 
 148 149 164 165 176 177 
 149 150 164 165 166 177 
 150 151 165 166 167 177 178 185 
 151 152 166 167 178 179 
 152 153 167 168 178 179 
 153 154 167 168 169 179 180 
 154 155 168 169 170 179 180 
 155 156 169 170 180 181 
 156 157 170 171 180 181 
 157 158 170 171 172 181 182 
 158 159 171 172 173 181 182 
 159 160 172 173 182 183 
 160 161 173 174 182 183 
 161 162 173 174 175 183 184 
 162 163 174 175 176 183 184 
 163 164 175 176 184 185 
 164 165 176 177 184 185 
 165 166 176 177 178 185 
 166 167 177 178 179 185 
 167 168 178 179 
 168 169 178 179 180 
 169 170 179 180 181 
 170 171 180 181 
 171 172 180 181 182 
 172 173 181 182 183 
 173 174 182 183 
 174 175 182 183 184 
 175 176 183 184 185 
 176 177 184 185 
 177 178 184 185 
 178 179 185 
 179 180 
 180 181 
 181 182 
 182 183 
 183 184 
 184 185 
 185 
