 0 1 5 6 7 12 13 21 
 1 2 7 8 13 14 22 
 2 3 8 9 14 15 16 24 
 3 4 9 10 16 17 26 
 4 5 10 11 17 18 
 5 6 11 12 18 19 29 
 6 7 11 12 19 20 29 
 7 8 12 13 14 21 22 32 
 8 9 14 15 23 24 34 
 9 10 15 16 24 25 
 10 11 16 17 18 26 27 37 
 11 18 19 28 29 39 
 12 13 19 20 21 29 30 31 41 
 13 14 21 22 31 32 33 42 
 14 15 22 23 33 34 44 
 15 16 23 24 25 34 35 45 
 16 17 24 25 26 35 36 
 17 18 26 27 36 37 38 48 
 18 19 27 28 38 39 50 
 19 20 28 29 30 39 51 
 20 21 29 30 31 40 41 53 
 21 22 31 32 41 42 54 
 22 23 32 33 42 43 
 23 24 33 34 44 45 57 
 24 25 34 35 45 46 58 
 25 26 35 36 46 47 60 
 26 27 36 37 47 48 61 
 27 28 37 38 48 49 
 28 29 38 39 50 51 64 
 29 30 39 40 51 65 
 30 31 39 40 51 52 65 66 
 31 32 40 41 42 53 54 67 
 32 33 42 43 54 55 
 33 34 43 44 56 57 70 
 34 35 44 45 57 58 71 
 35 36 45 46 47 58 59 73 
 36 37 46 47 48 60 61 74 
 37 38 48 49 61 62 
 38 39 49 50 63 64 77 
 39 50 51 64 65 78 
 40 41 51 52 53 65 66 79 80 81 
 41 42 53 54 67 68 81 82 
 42 43 54 55 68 69 83 
 43 44 55 56 69 70 84 
 44 45 56 57 58 70 71 85 
 45 46 57 58 59 71 72 86 
 46 47 58 59 60 72 73 87 88 
 47 48 60 61 74 75 88 89 
 48 49 61 62 75 76 90 
 49 50 62 63 76 77 91 
 50 51 63 64 65 77 78 92 
 51 52 64 65 78 79 93 
 52 53 65 66 79 80 81 94 
 53 54 66 67 81 82 95 
 54 55 67 68 82 83 96 
 55 56 68 69 83 84 97 
 56 57 69 70 84 85 98 
 57 58 70 71 85 86 99 
 58 59 71 72 86 87 100 
 59 60 72 73 87 88 101 
 60 61 73 74 88 89 102 
 61 62 74 75 89 90 103 
 62 63 75 76 90 91 104 
 63 64 76 77 91 92 105 
 64 65 77 78 92 93 106 
 65 78 79 80 93 107 
 66 67 79 80 81 94 
 67 68 81 82 95 
 68 69 82 83 95 96 
 69 70 83 84 96 97 
 70 71 84 85 98 
 71 72 85 86 99 
 72 73 86 87 100 
 73 74 87 88 100 101 
 74 75 88 89 101 102 
 75 76 89 90 102 103 
 76 77 90 91 103 104 
 77 78 91 92 105 
 78 79 92 93 106 
 79 80 93 106 107 
 80 81 93 94 107 108 109 121 
 81 82 94 95 108 109 110 
 82 83 95 96 109 110 111 
 83 84 96 97 110 111 112 
 84 85 97 98 111 112 113 
 85 86 98 99 112 113 114 
 86 87 99 100 113 114 115 
 87 88 100 101 114 115 116 
 88 89 101 102 115 116 117 
 89 90 102 103 116 117 118 
 90 91 103 104 117 118 119 
 91 92 104 105 118 119 120 
 92 93 105 106 119 120 121 
 93 106 107 108 120 121 
 94 95 107 108 109 122 131 132 151 
 95 96 109 110 123 132 133 152 
 96 97 110 111 133 134 135 153 154 
 97 98 111 112 124 135 136 154 155 
 98 99 112 113 124 125 136 137 138 155 156 
 99 100 113 114 138 139 156 157 
 100 101 114 115 139 140 141 158 
 101 102 115 116 126 141 142 159 
 102 103 116 117 127 142 143 160 
 103 104 117 118 143 144 145 161 162 
 104 105 118 119 128 145 146 162 163 
 105 106 119 120 128 129 146 147 148 163 164 
 106 107 120 121 129 148 149 164 165 
 107 108 121 130 131 149 150 
 108 109 121 122 130 131 132 149 150 151 166 167 
 109 110 122 123 131 132 133 151 152 153 167 168 
 110 111 123 132 133 134 135 152 153 154 167 168 
 111 112 124 134 135 136 153 154 155 168 169 
 112 113 124 125 135 136 137 138 154 155 156 169 170 
 113 114 124 125 137 138 139 155 156 157 170 171 
 114 115 138 139 140 141 156 157 158 171 172 
 115 116 126 139 140 141 142 157 158 159 172 173 
 116 117 126 127 141 142 143 159 160 161 173 174 
 117 118 127 142 143 144 145 160 161 162 173 174 
 118 119 128 144 145 146 161 162 163 174 175 
 119 120 128 129 145 146 147 148 162 163 164 175 176 
 120 121 128 129 147 148 149 163 164 165 176 177 
 121 130 131 148 149 150 164 165 166 177 
 122 123 130 131 132 133 150 151 152 166 167 
 123 131 132 133 134 151 152 153 167 168 
 124 125 135 136 137 138 154 155 156 169 170 
 125 136 137 138 139 155 156 157 170 171 
 126 127 140 141 142 143 158 159 160 172 173 
 127 141 142 143 144 159 160 161 173 174 
 128 129 145 146 147 148 162 163 164 175 176 
 129 146 147 148 149 163 164 165 176 177 
 130 131 132 148 149 150 151 165 166 167 177 178 
 131 132 149 150 151 152 165 166 167 178 
 132 133 134 150 151 152 153 166 167 168 178 179 
 133 134 135 151 152 153 154 167 168 179 
 134 135 136 152 153 154 167 168 169 179 
 135 136 137 153 154 155 168 169 170 180 
 136 137 153 154 155 156 169 170 180 
 137 138 139 154 155 156 157 169 170 171 180 181 
 138 139 140 155 156 157 158 170 171 181 
 139 140 141 156 157 158 170 171 172 181 
 140 141 142 157 158 159 171 172 173 182 
 141 142 157 158 159 160 172 173 182 
 142 143 144 158 159 160 161 172 173 174 182 183 
 143 144 145 159 160 161 162 173 174 183 
 144 145 146 160 161 162 173 174 175 183 184 
 145 146 147 161 162 163 174 175 176 184 
 146 147 161 162 163 164 175 176 184 
 147 148 149 162 163 164 165 175 176 177 184 185 
 148 149 150 163 164 165 176 177 185 
 149 150 164 165 166 176 177 185 
 150 151 152 164 165 166 167 177 178 185 
 151 152 153 165 166 167 168 177 178 179 
 152 153 154 166 167 168 169 178 179 
 153 154 155 167 168 169 179 180 
 154 155 156 168 169 170 179 180 
 155 156 157 168 169 170 171 180 181 
 156 157 158 169 170 171 172 180 181 
 157 158 159 170 171 172 181 182 
 158 159 160 171 172 173 181 182 
 159 160 161 171 172 173 174 182 183 
 160 161 162 172 173 174 175 182 183 
 161 162 163 173 174 175 183 184 
 162 163 164 174 175 176 183 184 
 163 164 165 174 175 176 177 184 185 
 164 165 166 175 176 177 184 185 
 165 166 176 177 178 185 
 166 167 168 176 177 178 179 185 
 167 168 169 177 178 179 180 185 
 168 169 170 178 179 180 
 169 170 171 179 180 181 
 170 171 172 179 180 181 182 
 171 172 173 180 181 182 
 172 173 174 181 182 183 
 173 174 175 181 182 183 184 
 174 175 176 182 183 184 
 175 176 177 183 184 185 
 176 177 178 183 184 185 
 177 178 184 185 
 178 179 180 184 185 
 179 180 181 185 
 180 181 182 
 181 182 183 
 182 183 184 
 183 184 185 
 184 185 
 185 
