    -14.48      -5.65     -26.22    0  371     149.33 0 0
    -11.99       9.72     -26.27    1  354     149.57 0 0
      2.44      15.25     -26.23    2  402     149.51 0 0
     14.46       5.74     -26.26    3  375     149.36 0 0
     11.60      -9.97     -26.28    4  380     149.80 0 0
     -2.57     -15.35     -26.23    5  380     149.32 0 0
    -10.38     -11.97     -21.29    6  825     143.35 0 0
    -15.53       2.56     -21.21    7  893     143.44 0 0
     -5.10      14.59     -21.28    8  856     144.00 0 0
     10.23      11.78     -21.27    9  862     143.74 0 0
     15.71      -2.10     -21.33   10  835     143.39 0 0
      5.23     -14.54     -21.34   11  828     144.09 0 0
    -15.82     -11.74     -16.27   12 1147     129.56 0 0
    -19.32       3.06     -16.22   13 1260     129.68 0 0
    -11.61      15.90     -16.21   14 1227     129.46 0 0
      2.57      19.77     -16.27   15 1211     129.22 0 0
     15.73      11.82     -16.27   16 1201     129.58 0 0
     19.36      -3.10     -16.25   17 1112     129.65 0 0
     11.74     -15.92     -16.21   18 1243     129.33 0 0
     -2.83     -19.52     -16.28   19 1159     129.54 0 0
    -17.43     -17.27     -11.45   20 1005     115.02 0 0
    -24.30      -3.70     -11.52   21  973     115.11 0 0
    -21.95      11.18     -11.50   22  961     115.03 0 0
    -11.20      22.01     -11.39   23  948     114.76 0 0
      3.89      24.35     -11.48   24 1031     114.96 0 0
     17.47      17.24     -11.41   25  886     114.94 0 0
     24.30       3.80     -11.53   26 1024     115.12 0 0
     21.83     -11.35     -11.43   27  955     114.91 0 0
     11.02     -21.90     -11.46   28 1013     115.06 0 0
     -4.03     -24.27     -11.50   29  950     115.06 0 0
    -10.78     -22.25      -6.51   30 1279     104.74 0 0
    -21.76     -11.73      -6.54   31 1276     104.82 0 0
    -24.44       3.43      -6.52   32 1322     104.80 0 0
    -17.86      17.12      -6.54   33 1271     104.80 0 0
     -4.32      24.32      -6.52   34 1318     104.79 0 0
     10.97      22.21      -6.54   35 1355     104.79 0 0
     21.79      11.77      -6.52   36 1250     104.75 0 0
     24.51      -3.41      -6.52   37 1231     104.76 0 0
     17.96     -17.00      -6.51   38 1251     104.76 0 0
      4.37     -24.41      -6.47   39 1272     104.62 0 0
    -15.59     -25.31      -1.74   40  966      93.36 0 0
    -26.04     -13.96      -1.67   41 1018      93.24 0 0
    -29.61       1.00      -1.74   42  883      93.37 0 0
    -25.20      15.51      -1.72   43  993      93.33 0 0
    -14.09      26.08      -1.73   44  957      93.34 0 0
      0.77      29.64      -1.69   45  944      93.26 0 0
     15.64      25.13      -1.71   46  933      93.30 0 0
     26.14      14.35      -1.76   47  953      93.38 0 0
     29.54      -1.08      -1.76   48  947      93.40 0 0
     25.20     -15.65      -1.65   49  946      93.18 0 0
     14.17     -26.08      -1.68   50  922      93.24 0 0
     -0.90     -29.60      -1.69   51  948      93.27 0 0
    -15.12     -29.45       3.28   52  925      84.33 0 0
    -26.39     -20.01       3.35   53  926      84.23 0 0
    -32.37      -6.54       3.31   54  966      84.27 0 0
    -32.09       8.04       3.27   55  883      84.35 0 0
    -25.37      21.32       3.27   56  941      84.37 0 0
    -13.52      30.20       3.25   57  982      84.38 0 0
      1.10      33.03       3.24   58  930      84.40 0 0
     15.21      29.18       3.30   59  961      84.27 0 0
     26.38      19.79       3.36   60  913      84.19 0 0
     32.46       6.36       3.31   61  931      84.29 0 0
     31.95      -8.40       3.33   62  944      84.24 0 0
     25.37     -21.35       3.35   63  946      84.22 0 0
     13.57     -30.29       3.29   64  931      84.33 0 0
     -1.08     -32.97       3.32   65  864      84.25 0 0
    -18.78     -27.81       8.42   66 1164      75.91 0 0
    -29.00     -16.80       8.44   67 1105      75.86 0 0
    -33.56      -2.82       8.43   68 1173      75.95 0 0
    -31.42      12.05       8.46   69 1189      75.89 0 0
    -22.95      24.53       8.41   70 1206      75.95 0 0
    -10.00      32.11       8.44   71 1175      75.91 0 0
      5.01      33.07       8.44   72 1228      75.84 0 0
     18.67      27.81       8.39   73 1073      75.94 0 0
     28.94      17.03       8.48   74 1223      75.83 0 0
     33.50       2.65       8.39   75 1133      75.98 0 0
     31.19     -12.17       8.49   76 1171      75.77 0 0
     23.01     -24.58       8.49   77 1179      75.85 0 0
     10.00     -32.06       8.45   78 1121      75.88 0 0
     -4.93     -33.17       8.48   79 1185      75.81 0 0
    -11.78     -29.52      13.88   80 1362      66.40 0 0
    -23.52     -21.43      13.83   81 1383      66.51 0 0
    -30.57      -9.30      13.84   82 1314      66.58 0 0
    -31.51       5.03      13.87   83 1330      66.51 0 0
    -26.29      18.01      13.82   84 1383      66.56 0 0
    -15.70      27.59      13.81   85 1346      66.48 0 0
     -2.10      31.77      13.76   86 1321      66.63 0 0
     11.87      29.44      13.88   87 1371      66.38 0 0
     23.50      21.37      13.79   88 1364      66.53 0 0
     30.38       9.25      13.81   89 1349      66.50 0 0
     31.38      -5.04      13.79   90 1265      66.54 0 0
     26.03     -18.13      13.84   91 1356      66.43 0 0
     15.59     -27.68      13.80   92 1318      66.52 0 0
      2.13     -31.71      13.81   93 1295      66.51 0 0
    -16.78     -24.45      19.22   94 1396      57.05 0 0
    -25.76     -14.70      19.23   95 1399      57.04 0 0
    -29.59      -2.07      19.20   96 1412      57.09 0 0
    -27.74      10.92      19.25   97 1362      57.15 0 0
    -20.07      21.71      19.27   98 1337      56.90 0 0
     -8.75      28.42      19.24   99 1376      57.10 0 0
      4.45      29.23      19.30  100 1346      56.86 0 0
     16.84      24.35      19.24  101 1458      56.98 0 0
     25.72      14.55      19.26  102 1406      56.90 0 0
     29.57       1.97      19.22  103 1437      57.02 0 0
     27.64     -10.87      19.25  104 1361      57.06 0 0
     20.23     -21.84      19.22  105 1402      57.16 0 0
      8.64     -28.23      19.21  106 1370      56.96 0 0
     -4.38     -29.25      19.25  107 1454      56.94 0 0
    -10.77     -26.04      24.68  108 1347      48.79 0 0
    -20.94     -18.93      24.76  109 1258      48.74 0 0
    -27.11      -7.89      24.66  110 1325      48.87 0 0
    -27.72       4.70      24.70  111 1245      48.69 0 0
    -22.95      16.36      24.66  112 1275      48.82 0 0
    -13.86      24.47      24.76  113 1263      48.64 0 0
     -1.80      28.17      24.72  114 1280      48.79 0 0
     10.67      26.05      24.65  115 1350      48.79 0 0
     20.99      18.84      24.70  116 1314      48.79 0 0
     27.06       7.90      24.67  117 1320      48.81 0 0
     27.75      -4.66      24.76  118 1251      48.66 0 0
     23.15     -16.34      24.65  119 1243      48.99 0 0
     13.60     -24.61      24.72  120 1374      48.67 0 0
      1.53     -28.16      24.69  121 1245      48.79 0 0
    -19.10     -25.84      33.53  122  437      43.78 0 0
    -25.98     -18.84      34.06  123  296      43.29 0 0
    -25.89      18.93      34.35  124  251      43.04 0 0
    -19.24      25.76      33.70  125  425      43.65 0 0
     19.06      25.90      33.50  126  430      43.83 0 0
     26.06      18.81      33.76  127  280      43.60 0 0
     25.92     -18.86      33.99  128  237      43.32 0 0
     19.20     -25.55      33.48  129  438      43.67 0 0
     -4.47     -27.16      33.38  130  661      39.51 0 0
    -11.82     -25.91      33.91  131  452      40.02 0 0
    -18.86     -19.11      33.25  132  576      38.92 0 0
    -25.95     -12.17      33.17  133  606      40.83 0 0
    -26.98      -4.23      34.09  134  562      38.69 0 0
    -27.06       4.18      33.87  135  601      38.95 0 0
    -26.06      12.18      33.25  136  592      40.87 0 0
    -18.94      19.19      33.04  137  674      39.22 0 0
    -11.89      25.97      33.67  138  505      40.31 0 0
     -4.67      27.08      33.83  139  608      39.08 0 0
      4.46      27.12      33.86  140  650      39.07 0 0
     12.13      25.63      33.82  141  446      39.98 0 0
     18.98      19.03      33.03  142  636      39.14 0 0
     25.84      12.27      33.27  143  609      40.69 0 0
     27.04       4.04      34.17  144  597      38.67 0 0
     27.08      -4.23      34.31  145  524      38.62 0 0
     25.99     -12.01      32.80  146  621      41.12 0 0
     18.98     -19.21      33.01  147  680      39.28 0 0
     11.97     -25.82      34.08  148  449      39.86 0 0
      4.50     -27.19      33.72  149  682      39.26 0 0
     -4.36     -21.81      33.50  150  930      33.58 0 0
    -12.23     -19.06      32.90  151  887      34.54 0 0
    -19.11     -12.17      33.05  152  935      34.43 0 0
    -21.90      -4.47      33.59  153  928      33.64 0 0
    -21.90       4.50      33.69  154  962      33.56 0 0
    -19.15      12.10      32.82  155  889      34.61 0 0
    -12.18      19.01      32.82  156  935      34.54 0 0
     -4.42      21.93      33.42  157  907      33.80 0 0
      4.42      21.84      33.54  158  909      33.60 0 0
     12.16      19.04      32.90  159  924      34.48 0 0
     19.14      12.21      33.05  160  900      34.49 0 0
     21.85       4.32      33.64  161  910      33.51 0 0
     21.84      -4.33      33.65  162  884      33.50 0 0
     19.13     -12.18      32.97  163  955      34.52 0 0
     12.33     -19.08      33.10  164  869      34.46 0 0
      4.40     -21.84      33.46  165  966      33.66 0 0
     -4.42     -16.60      33.29  166 1143      27.30 0 0
    -12.14     -12.10      32.90  167 1138      27.52 0 0
    -16.58      -4.41      33.37  168 1179      27.21 0 0
    -16.62       4.35      33.46  169 1145      27.18 0 0
    -12.24      12.20      32.92  170 1131      27.70 0 0
     -4.50      16.60      33.45  171 1165      27.21 0 0
      4.42      16.60      33.49  172 1115      27.16 0 0
     12.17      12.13      32.94  173 1130      27.54 0 0
     16.61       4.29      33.62  174 1172      27.04 0 0
     16.53      -4.42      33.55  175 1113      27.02 0 0
     12.23     -12.13      33.06  176 1209      27.52 0 0
      4.45     -16.60      33.38  177 1196      27.24 0 0
     -4.49     -11.17      34.17  178 1548      19.41 0 0
    -11.20      -4.46      34.12  179 1495      19.46 0 0
    -11.17       4.42      34.24  180 1536      19.34 0 0
     -4.53      11.20      34.30  181 1438      19.40 0 0
      4.43      11.24      34.15  182 1472      19.48 0 0
     11.18       4.43      34.24  183 1498      19.35 0 0
     11.19      -4.35      34.24  184 1518      19.32 0 0
      4.40     -11.18      34.11  185 1501      19.40 0 0
