 0 1 2 3 4 5 6 7 8 9 10 11 12 13 14 15 16 17 18 19 20 21 22 23 24 27 28 29 30 31 32 
 1 2 3 4 5 6 7 8 9 10 11 12 13 14 15 16 17 18 19 20 21 22 23 24 25 26 29 30 31 32 33 
 2 3 4 5 6 7 8 9 10 11 12 13 14 15 16 17 18 19 21 22 23 24 25 26 27 32 33 34 35 36 37 
 3 4 5 6 7 8 9 10 11 12 13 14 15 16 17 18 19 22 23 24 25 26 27 28 29 33 34 35 36 37 38 
 4 5 6 7 8 9 10 11 12 13 14 15 16 17 18 19 20 21 24 25 26 27 28 29 30 31 35 36 37 38 39 
 5 6 7 8 9 10 11 12 13 14 15 16 17 18 19 20 21 22 26 27 28 29 30 31 32 37 38 39 40 41 42 
 6 7 8 9 10 11 12 13 14 15 16 17 18 19 20 21 22 23 26 27 28 29 30 31 32 33 34 37 38 39 40 
 7 8 9 10 11 12 13 14 15 16 17 18 19 20 21 22 23 24 25 28 29 30 31 32 33 34 35 39 40 41 42 
 8 9 10 11 12 13 14 15 16 17 18 19 20 21 22 23 24 25 26 27 31 32 33 34 35 36 37 42 43 44 45 
 9 10 11 12 13 14 15 16 17 18 19 21 22 23 24 25 26 27 28 29 32 33 34 35 36 37 38 39 44 45 46 
 10 11 12 13 14 15 16 17 18 19 20 23 24 25 26 27 28 29 30 34 35 36 37 38 39 46 47 48 49 50 51 
 11 12 13 14 15 16 17 18 19 20 21 22 25 26 27 28 29 30 31 32 36 37 38 39 40 41 48 49 50 51 52 
 12 13 14 15 16 17 18 19 20 21 22 23 27 28 29 30 31 32 33 34 38 39 40 41 42 43 50 51 52 53 54 
 13 14 15 16 17 18 19 20 21 22 23 24 25 28 29 30 31 32 33 34 35 39 40 41 42 43 44 45 52 53 54 
 14 15 16 17 18 19 20 21 22 23 24 25 26 30 31 32 33 34 35 36 41 42 43 44 45 46 54 55 56 57 58 
 15 16 17 18 19 21 22 23 24 25 26 27 32 33 34 35 36 37 42 43 44 45 46 47 48 56 57 58 59 60 61 
 16 17 18 19 22 23 24 25 26 27 28 33 34 35 36 37 38 39 44 45 46 47 48 49 57 58 59 60 61 62 63 
 17 18 19 20 23 24 25 26 27 28 29 30 34 35 36 37 38 39 46 47 48 49 50 51 59 60 61 62 63 64 73 
 18 19 20 21 25 26 27 28 29 30 31 35 36 37 38 39 40 47 48 49 50 51 52 61 62 63 64 65 75 76 77 
 19 20 21 22 26 27 28 29 30 31 32 37 38 39 40 41 42 48 49 50 51 52 53 54 63 64 65 66 67 77 78 
 20 21 22 23 27 28 29 30 31 32 33 38 39 40 41 42 43 50 51 52 53 54 55 64 65 66 67 68 69 78 79 
 21 22 23 24 28 29 30 31 32 33 34 39 40 41 42 43 44 51 52 53 54 55 56 57 66 67 68 69 70 80 81 
 22 23 24 25 29 30 31 32 33 34 35 40 41 42 43 44 45 53 54 55 56 57 58 67 68 69 70 71 82 83 84 
 23 24 25 26 31 32 33 34 35 36 42 43 44 45 46 47 54 55 56 57 58 59 68 69 70 71 72 73 83 84 85 
 24 25 26 27 32 33 34 35 36 37 43 44 45 46 47 48 56 57 58 59 60 61 70 71 72 73 74 84 85 86 87 
 25 26 27 28 33 34 35 36 37 38 44 45 46 47 48 49 57 58 59 60 61 62 71 72 73 74 75 76 86 87 88 
 26 27 28 29 34 35 36 37 38 39 45 46 47 48 49 50 59 60 61 62 63 64 73 74 75 76 77 87 88 89 90 
 27 28 29 30 35 36 37 38 39 46 47 48 49 50 51 60 61 62 63 64 65 74 75 76 77 78 79 89 90 91 92 
 28 29 30 31 36 37 38 39 40 41 48 49 50 51 52 61 62 63 64 65 66 75 76 77 78 79 80 90 91 92 93 
 29 30 31 32 37 38 39 40 41 42 49 50 51 52 53 54 63 64 65 66 67 77 78 79 80 81 82 91 92 93 94 
 30 31 32 38 39 40 41 42 49 50 51 52 53 54 55 63 64 65 66 67 68 77 78 79 80 81 82 83 92 93 94 
 31 32 33 39 40 41 42 43 44 50 51 52 53 54 55 56 65 66 67 68 69 70 79 80 81 82 83 84 93 94 95 
 32 33 34 40 41 42 43 44 45 52 53 54 55 56 57 66 67 68 69 70 71 81 82 83 84 85 94 95 96 97 98 
 33 34 35 41 42 43 44 45 46 53 54 55 56 57 58 59 67 68 69 70 71 72 82 83 84 85 86 87 96 97 98 
 34 35 36 42 43 44 45 46 47 55 56 57 58 59 60 69 70 71 72 73 74 83 84 85 86 87 88 97 98 99 100 
 35 36 37 38 43 44 45 46 47 48 56 57 58 59 60 61 62 70 71 72 73 74 75 85 86 87 88 89 90 99 100 
 36 37 38 44 45 46 47 48 49 50 58 59 60 61 62 63 72 73 74 75 76 77 86 87 88 89 90 91 100 101 102 
 37 38 39 46 47 48 49 50 51 59 60 61 62 63 64 73 74 75 76 77 78 88 89 90 91 92 101 102 103 104 105 
 38 39 40 47 48 49 50 51 52 60 61 62 63 64 65 74 75 76 77 78 79 80 89 90 91 92 93 103 104 105 106 
 39 40 41 48 49 50 51 52 53 62 63 64 65 66 67 76 77 78 79 80 81 90 91 92 93 94 104 105 106 107 108 
 40 41 42 50 51 52 53 54 55 64 65 66 67 68 77 78 79 80 81 82 83 92 93 94 95 96 106 107 108 109 110 
 41 42 43 51 52 53 54 55 56 65 66 67 68 69 70 79 80 81 82 83 84 93 94 95 96 97 107 108 109 110 111 
 42 43 44 52 53 54 55 56 57 66 67 68 69 70 71 80 81 82 83 84 85 94 95 96 97 98 109 110 111 112 113 
 43 44 45 53 54 55 56 57 58 67 68 69 70 71 72 82 83 84 85 86 95 96 97 98 99 100 110 111 112 113 114 
 44 45 46 54 55 56 57 58 59 68 69 70 71 72 73 83 84 85 86 87 96 97 98 99 100 101 111 112 113 114 115 
 45 46 47 55 56 57 58 59 60 61 69 70 71 72 73 74 84 85 86 87 88 89 98 99 100 101 102 112 113 114 115 
 46 47 48 57 58 59 60 61 62 70 71 72 73 74 75 85 86 87 88 89 90 99 100 101 102 103 113 114 115 116 117 
 47 48 49 58 59 60 61 62 63 72 73 74 75 76 86 87 88 89 90 91 100 101 102 103 104 115 116 117 118 126 127 
 48 49 50 59 60 61 62 63 64 73 74 75 76 77 78 87 88 89 90 91 92 101 102 103 104 105 116 117 118 119 120 
 49 50 51 60 61 62 63 64 65 74 75 76 77 78 79 89 90 91 92 93 102 103 104 105 106 107 117 118 119 120 121 
 50 51 52 61 62 63 64 65 66 75 76 77 78 79 80 90 91 92 93 94 103 104 105 106 107 108 118 119 120 121 128 
 51 52 53 54 62 63 64 65 66 67 76 77 78 79 80 81 82 91 92 93 94 95 105 106 107 108 109 119 120 121 122 
 52 53 54 64 65 66 67 68 77 78 79 80 81 82 83 92 93 94 95 96 105 106 107 108 109 110 120 121 122 123 130 
 53 54 55 65 66 67 68 69 78 79 80 81 82 83 84 93 94 95 96 97 106 107 108 109 110 111 121 122 123 130 131 
 54 55 56 66 67 68 69 70 79 80 81 82 83 84 85 94 95 96 97 98 107 108 109 110 111 112 122 123 132 133 134 
 55 56 57 66 67 68 69 70 71 81 82 83 84 85 86 94 95 96 97 98 99 109 110 111 112 113 124 125 133 134 135 
 56 57 58 67 68 69 70 71 72 82 83 84 85 86 87 95 96 97 98 99 100 110 111 112 113 114 124 125 135 136 137 
 57 58 59 68 69 70 71 72 73 83 84 85 86 87 88 96 97 98 99 100 101 111 112 113 114 115 124 125 136 137 138 
 58 59 60 69 70 71 72 73 74 84 85 86 87 88 89 97 98 99 100 101 102 112 113 114 115 116 125 126 137 138 139 
 59 60 61 70 71 72 73 74 75 85 86 87 88 89 90 98 99 100 101 102 103 113 114 115 116 117 126 127 139 140 141 
 60 61 62 71 72 73 74 75 76 86 87 88 89 90 91 99 100 101 102 103 104 114 115 116 117 118 126 127 140 141 142 
 61 62 63 72 73 74 75 76 77 87 88 89 90 91 92 100 101 102 103 104 105 115 116 117 118 119 126 127 142 143 144 
 62 63 64 73 74 75 76 77 78 88 89 90 91 92 93 101 102 103 104 105 106 116 117 118 119 120 128 129 143 144 145 
 63 64 65 74 75 76 77 78 79 80 89 90 91 92 93 102 103 104 105 106 107 117 118 119 120 121 128 129 144 145 146 
 64 65 66 75 76 77 78 79 80 81 90 91 92 93 94 103 104 105 106 107 108 118 119 120 121 128 129 130 146 147 148 
 65 66 67 76 77 78 79 80 81 82 91 92 93 94 95 104 105 106 107 108 109 119 120 121 122 129 130 131 132 147 148 
 66 67 68 78 79 80 81 82 83 92 93 94 95 96 106 107 108 109 110 111 120 121 122 123 130 131 132 133 134 149 150 
 67 68 69 79 80 81 82 83 84 93 94 95 96 97 107 108 109 110 111 112 121 122 123 130 131 132 133 134 135 136 150 
 68 69 70 80 81 82 83 84 85 94 95 96 97 98 108 109 110 111 112 113 122 123 124 132 133 134 135 136 137 151 152 
 69 70 71 81 82 83 84 85 86 95 96 97 98 99 109 110 111 112 113 114 124 125 133 134 135 136 137 138 139 152 153 
 70 71 72 82 83 84 85 86 87 96 97 98 99 100 110 111 112 113 114 115 124 125 134 135 136 137 138 139 140 153 154 
 71 72 73 83 84 85 86 87 88 97 98 99 100 101 111 112 113 114 115 116 124 125 126 136 137 138 139 140 141 154 155 
 72 73 74 84 85 86 87 88 89 98 99 100 101 102 112 113 114 115 116 117 125 126 127 137 138 139 140 141 142 143 156 
 73 74 75 85 86 87 88 89 90 99 100 101 102 103 113 114 115 116 117 118 126 127 138 139 140 141 142 143 144 157 158 
 74 75 76 86 87 88 89 90 91 100 101 102 103 104 114 115 116 117 118 119 126 127 140 141 142 143 144 145 146 158 159 
 75 76 77 87 88 89 90 91 92 101 102 103 104 105 115 116 117 118 119 120 126 127 128 142 143 144 145 146 147 159 160 
 76 77 78 88 89 90 91 92 93 102 103 104 105 106 116 117 118 119 120 121 128 129 143 144 145 146 147 148 149 160 161 
 77 78 79 80 89 90 91 92 93 103 104 105 106 107 108 117 118 119 120 121 128 129 130 144 145 146 147 148 149 150 161 
 78 79 80 81 90 91 92 93 94 104 105 106 107 108 109 118 119 120 121 122 128 129 130 131 146 147 148 149 150 151 162 
 79 80 81 82 91 92 93 94 95 105 106 107 108 109 110 119 120 121 122 123 129 130 131 132 133 147 148 149 150 151 152 
 80 81 82 83 91 92 93 94 95 96 105 106 107 108 109 110 111 119 120 121 122 123 129 130 131 132 133 134 147 148 149 
 81 82 83 84 92 93 94 95 96 97 106 107 108 109 110 111 112 120 121 122 123 130 131 132 133 134 135 136 149 150 151 
 82 83 84 85 93 94 95 96 97 98 107 108 109 110 111 112 113 121 122 123 124 130 131 132 133 134 135 136 137 150 151 
 83 84 85 86 94 95 96 97 98 99 108 109 110 111 112 113 114 122 123 124 125 132 133 134 135 136 137 138 151 152 153 
 84 85 86 87 95 96 97 98 99 100 109 110 111 112 113 114 115 124 125 133 134 135 136 137 138 139 140 152 153 154 155 
 85 86 87 88 96 97 98 99 100 101 110 111 112 113 114 115 116 124 125 126 134 135 136 137 138 139 140 141 153 154 155 
 86 87 88 89 97 98 99 100 101 102 111 112 113 114 115 116 117 124 125 126 127 136 137 138 139 140 141 142 143 154 155 
 87 88 89 90 98 99 100 101 102 103 112 113 114 115 116 117 118 125 126 127 137 138 139 140 141 142 143 144 156 157 158 
 88 89 90 91 99 100 101 102 103 104 113 114 115 116 117 118 119 126 127 139 140 141 142 143 144 145 146 157 158 159 160 
 89 90 91 92 100 101 102 103 104 105 114 115 116 117 118 119 120 126 127 128 140 141 142 143 144 145 146 147 158 159 160 
 90 91 92 93 101 102 103 104 105 106 115 116 117 118 119 120 121 126 127 128 129 142 143 144 145 146 147 148 159 160 161 
 91 92 93 102 103 104 105 106 107 108 116 117 118 119 120 121 128 129 130 143 144 145 146 147 148 149 150 160 161 162 163 
 92 93 94 103 104 105 106 107 108 109 117 118 119 120 121 122 128 129 130 131 144 145 146 147 148 149 150 151 161 162 163 
 93 94 95 104 105 106 107 108 109 110 118 119 120 121 122 123 128 129 130 131 132 133 146 147 148 149 150 151 152 162 163 
 94 95 96 97 105 106 107 108 109 110 111 120 121 122 123 129 130 131 132 133 134 135 147 148 149 150 151 152 153 154 155 
 95 96 97 98 106 107 108 109 110 111 112 121 122 123 124 130 131 132 133 134 135 136 137 149 150 151 152 153 154 155 156 
 96 97 98 99 107 108 109 110 111 112 113 122 123 124 125 130 131 132 133 134 135 136 137 138 150 151 152 153 154 155 156 
 97 98 99 100 109 110 111 112 113 114 123 124 125 132 133 134 135 136 137 138 139 140 151 152 153 154 155 156 157 158 166 
 98 99 100 101 110 111 112 113 114 115 124 125 133 134 135 136 137 138 139 140 141 152 153 154 155 156 157 158 159 167 168 
 99 100 101 102 111 112 113 114 115 116 124 125 126 127 135 136 137 138 139 140 141 142 153 154 155 156 157 158 159 160 168 
 100 101 102 103 112 113 114 115 116 117 124 125 126 127 136 137 138 139 140 141 142 143 144 154 155 156 157 158 159 160 161 
 101 102 103 104 113 114 115 116 117 118 125 126 127 137 138 139 140 141 142 143 144 145 146 156 157 158 159 160 161 162 163 
 102 103 104 105 114 115 116 117 118 119 126 127 128 139 140 141 142 143 144 145 146 147 157 158 159 160 161 162 163 164 171 
 103 104 105 106 115 116 117 118 119 120 126 127 128 129 140 141 142 143 144 145 146 147 148 158 159 160 161 162 163 164 165 
 104 105 106 107 116 117 118 119 120 121 127 128 129 130 142 143 144 145 146 147 148 149 150 159 160 161 162 163 164 165 166 
 105 106 107 108 117 118 119 120 121 128 129 130 131 143 144 145 146 147 148 149 150 151 160 161 162 163 164 165 166 167 173 
 106 107 108 109 118 119 120 121 122 123 128 129 130 131 132 145 146 147 148 149 150 151 152 161 162 163 164 165 166 167 168 
 107 108 109 110 119 120 121 122 123 128 129 130 131 132 133 134 146 147 148 149 150 151 152 153 162 163 164 165 166 167 168 
 108 109 110 111 119 120 121 122 123 128 129 130 131 132 133 134 135 147 148 149 150 151 152 153 154 155 163 164 165 166 167 
 109 110 111 112 120 121 122 123 124 130 131 132 133 134 135 136 137 148 149 150 151 152 153 154 155 156 164 165 166 167 168 
 110 111 112 113 121 122 123 124 125 130 131 132 133 134 135 136 137 138 149 150 151 152 153 154 155 156 157 165 166 167 168 
 111 112 113 114 122 123 124 125 131 132 133 134 135 136 137 138 139 150 151 152 153 154 155 156 157 158 166 167 168 169 170 
 112 113 114 115 123 124 125 132 133 134 135 136 137 138 139 140 141 151 152 153 154 155 156 157 158 159 166 167 168 169 170 
 113 114 115 116 124 125 126 133 134 135 136 137 138 139 140 141 142 152 153 154 155 156 157 158 159 160 167 168 169 170 171 
 114 115 116 117 124 125 126 127 135 136 137 138 139 140 141 142 143 144 153 154 155 156 157 158 159 160 161 168 169 170 171 
 115 116 117 118 124 125 126 127 137 138 139 140 141 142 143 144 145 155 156 157 158 159 160 161 162 169 170 171 172 173 174 
 116 117 118 119 126 127 128 138 139 140 141 142 143 144 145 146 147 156 157 158 159 160 161 162 163 164 170 171 172 173 174 
 117 118 119 120 126 127 128 129 139 140 141 142 143 144 145 146 147 148 157 158 159 160 161 162 163 164 165 171 172 173 174 
 118 119 120 121 126 127 128 129 141 142 143 144 145 146 147 148 149 150 158 159 160 161 162 163 164 165 166 171 172 173 174 
 119 120 121 127 128 129 130 131 142 143 144 145 146 147 148 149 150 151 159 160 161 162 163 164 165 166 167 172 173 174 175 
 120 121 122 128 129 130 131 132 143 144 145 146 147 148 149 150 151 152 160 161 162 163 164 165 166 167 168 173 174 175 176 
 121 122 123 128 129 130 131 132 133 134 145 146 147 148 149 150 151 152 153 161 162 163 164 165 166 167 168 169 174 175 176 
 122 123 129 130 131 132 133 134 135 136 147 148 149 150 151 152 153 154 155 164 165 166 167 168 169 170 176 177 178 179 180 
 123 124 130 131 132 133 134 135 136 137 148 149 150 151 152 153 154 155 164 165 166 167 168 169 170 176 177 178 179 180 181 
 124 125 132 133 134 135 136 137 138 139 140 141 152 153 154 155 156 157 158 159 167 168 169 170 171 172 173 178 179 180 181 
 125 126 133 134 135 136 137 138 139 140 141 142 152 153 154 155 156 157 158 159 167 168 169 170 171 172 173 178 179 180 181 
 126 127 137 138 139 140 141 142 143 144 145 146 156 157 158 159 160 161 162 163 170 171 172 173 174 175 176 180 181 182 183 
 127 128 138 139 140 141 142 143 144 145 146 147 156 157 158 159 160 161 162 163 170 171 172 173 174 175 176 180 181 182 183 
 128 129 130 131 142 143 144 145 146 147 148 149 150 151 160 161 162 163 164 165 166 167 173 174 175 176 177 178 179 182 183 
 129 130 131 132 143 144 145 146 147 148 149 150 151 160 161 162 163 164 165 166 167 173 174 175 176 177 178 179 182 183 184 
 130 131 132 133 134 135 145 146 147 148 149 150 151 152 153 154 162 163 164 165 166 167 168 169 174 175 176 177 178 179 180 
 131 132 133 134 135 147 148 149 150 151 152 153 154 155 162 163 164 165 166 167 168 169 170 175 176 177 178 179 180 181 183 
 132 133 134 135 136 137 147 148 149 150 151 152 153 154 155 156 163 164 165 166 167 168 169 170 171 175 176 177 178 179 180 
 133 134 135 136 137 149 150 151 152 153 154 155 156 164 165 166 167 168 169 170 171 176 177 178 179 180 181 182 184 185 
 134 135 136 137 138 139 149 150 151 152 153 154 155 156 157 165 166 167 168 169 170 171 172 177 178 179 180 181 182 183 184 
 135 136 137 138 139 140 150 151 152 153 154 155 156 157 158 166 167 168 169 170 171 172 177 178 179 180 181 182 183 184 185 
 136 137 138 139 140 151 152 153 154 155 156 157 158 159 166 167 168 169 170 171 172 173 178 179 180 181 182 183 185 
 137 138 139 140 141 142 151 152 153 154 155 156 157 158 159 160 166 167 168 169 170 171 172 173 174 178 179 180 181 182 183 
 138 139 140 141 142 152 153 154 155 156 157 158 159 160 167 168 169 170 171 172 173 174 178 179 180 181 182 183 184 
 139 140 141 142 143 144 153 154 155 156 157 158 159 160 161 167 168 169 170 171 172 173 174 175 178 179 180 181 182 183 184 
 140 141 142 143 144 145 154 155 156 157 158 159 160 161 162 168 169 170 171 172 173 174 175 178 179 180 181 182 183 184 185 
 141 142 143 144 145 155 156 157 158 159 160 161 162 163 169 170 171 172 173 174 175 176 179 180 181 182 183 184 185 
 142 143 144 145 146 147 155 156 157 158 159 160 161 162 163 164 169 170 171 172 173 174 175 176 177 178 179 180 181 182 183 
 143 144 145 146 147 156 157 158 159 160 161 162 163 164 170 171 172 173 174 175 176 177 178 180 181 182 183 184 185 
 144 145 146 147 148 149 157 158 159 160 161 162 163 164 165 166 171 172 173 174 175 176 177 178 179 180 181 182 183 184 185 
 145 146 147 148 149 150 158 159 160 161 162 163 164 165 166 171 172 173 174 175 176 177 178 179 180 181 182 183 184 185 
 146 147 148 149 150 151 159 160 161 162 163 164 165 166 167 172 173 174 175 176 177 178 179 181 182 183 184 185 
 147 148 149 150 151 152 159 160 161 162 163 164 165 166 167 168 172 173 174 175 176 177 178 179 180 181 182 183 184 185 
 148 149 150 151 152 160 161 162 163 164 165 166 167 168 173 174 175 176 177 178 179 180 182 183 184 185 
 149 150 151 152 153 161 162 163 164 165 166 167 168 169 174 175 176 177 178 179 180 181 182 183 184 185 
 150 151 152 153 154 155 161 162 163 164 165 166 167 168 169 170 171 172 173 174 175 176 177 178 179 180 181 182 183 184 185 
 151 152 153 154 155 156 162 163 164 165 166 167 168 169 170 171 172 173 174 175 176 177 178 179 180 181 182 183 184 185 
 152 153 154 155 156 157 163 164 165 166 167 168 169 170 171 172 173 174 175 176 177 178 179 180 181 182 183 184 185 
 153 154 155 156 157 158 164 165 166 167 168 169 170 171 172 173 174 175 176 177 178 179 180 181 182 183 184 185 
 154 155 156 157 158 159 165 166 167 168 169 170 171 172 173 174 175 176 177 178 179 180 181 182 183 184 185 
 155 156 157 158 159 160 166 167 168 169 170 171 172 173 174 175 176 177 178 179 180 181 182 183 184 185 
 156 157 158 159 160 161 166 167 168 169 170 171 172 173 174 175 176 177 178 179 180 181 182 183 184 185 
 157 158 159 160 161 162 166 167 168 169 170 171 172 173 174 175 176 177 178 179 180 181 182 183 184 185 
 158 159 160 161 162 163 166 167 168 169 170 171 172 173 174 175 176 177 178 179 180 181 182 183 184 185 
 159 160 161 162 163 164 166 167 168 169 170 171 172 173 174 175 176 177 178 179 180 181 182 183 184 185 
 160 161 162 163 164 165 166 167 168 169 170 171 172 173 174 175 176 177 178 179 180 181 182 183 184 185 
 161 162 163 164 165 166 167 168 169 170 171 172 173 174 175 176 177 178 179 180 181 182 183 184 185 
 162 163 164 165 166 167 168 169 170 171 172 173 174 175 176 177 178 179 180 181 182 183 184 185 
 163 164 165 166 167 168 169 170 171 172 173 174 175 176 177 178 179 180 181 182 183 184 185 
 164 165 166 167 168 169 170 171 172 173 174 175 176 177 178 179 180 181 182 183 184 185 
 165 166 167 168 169 170 171 172 173 174 175 176 177 178 179 180 181 182 183 184 185 
 166 167 168 169 170 171 172 173 174 175 176 177 178 179 180 181 182 183 184 185 
 167 168 169 170 171 172 173 174 175 176 177 178 179 180 181 182 183 184 185 
 168 169 170 171 172 173 174 175 176 177 178 179 180 181 182 183 184 185 
 169 170 171 172 173 174 175 176 177 178 179 180 181 182 183 184 185 
 170 171 172 173 174 175 176 177 178 179 180 181 182 183 184 185 
 171 172 173 174 175 176 177 178 179 180 181 182 183 184 185 
 172 173 174 175 176 177 178 179 180 181 182 183 184 185 
 173 174 175 176 177 178 179 180 181 182 183 184 185 
 174 175 176 177 178 179 180 181 182 183 184 185 
 175 176 177 178 179 180 181 182 183 184 185 
 176 177 178 179 180 181 182 183 184 185 
 177 178 179 180 181 182 183 184 185 
 178 179 180 181 182 183 184 185 
 179 180 181 182 183 184 185 
 180 181 182 183 184 185 
 181 182 183 184 185 
 182 183 184 185 
 183 184 185 
 184 185 
 185 
