 0 10 19 20 
 1 2 10 11 21 
 2 11 12 22 
 3 12 13 23 24 
 4 13 14 24 25 
 5 14 15 26 
 6 15 16 27 
 7 16 17 28 
 8 17 18 29 30 
 9 18 19 30 31 
 10 20 21 32 33 
 11 21 22 34 
 12 13 22 23 35 
 13 24 37 
 14 25 26 38 
 15 16 26 27 39 40 
 16 27 28 41 
 17 28 29 42 
 18 19 30 44 
 19 20 31 45 
 20 31 32 45 
 21 33 34 47 
 22 34 35 48 49 
 23 35 36 50 51 
 24 25 36 37 52 53 
 25 26 37 38 54 
 26 27 38 39 
 27 40 41 57 
 28 41 42 58 59 
 29 42 43 60 61 
 30 31 43 44 62 63 
 31 44 45 64 
 32 33 45 46 65 66 85 
 33 34 46 47 66 67 
 34 35 47 48 49 67 68 
 35 36 48 49 50 69 70 
 36 50 51 52 71 72 
 37 52 53 54 73 
 38 39 54 55 74 
 39 40 55 56 75 
 40 41 56 57 77 
 41 42 57 58 59 77 78 
 42 43 58 59 60 79 80 
 43 44 60 61 62 81 82 
 44 62 63 64 83 
 45 64 65 84 
 46 65 66 86 
 47 48 67 68 87 
 48 49 67 68 69 88 
 49 50 68 69 70 88 89 90 
 50 51 69 70 71 89 90 91 
 51 52 70 71 72 90 91 92 
 52 53 71 72 73 91 92 93 
 53 54 72 73 74 93 
 54 73 74 94 
 55 75 95 
 56 76 96 
 57 58 77 78 97 
 58 59 77 78 79 98 99 
 59 60 78 79 80 98 99 100 
 60 61 79 80 81 99 100 101 
 61 62 80 81 82 101 102 
 62 63 81 82 83 101 102 
 63 64 82 83 84 103 
 64 83 84 104 
 65 85 105 
 66 86 106 107 
 67 68 87 88 108 109 
 68 69 87 88 89 109 110 
 69 70 88 89 90 110 111 
 70 71 89 90 91 111 112 113 
 71 72 90 91 92 112 113 114 
 72 73 91 92 93 114 115 
 73 74 92 93 94 115 116 
 74 93 94 116 117 
 75 95 118 119 
 76 96 120 121 
 77 78 97 98 122 123 
 78 79 97 98 99 123 124 
 79 80 98 99 100 124 125 
 80 81 99 100 101 125 126 127 
 81 82 100 101 102 126 127 128 
 82 83 101 102 103 128 129 
 83 84 102 103 104 129 130 
 84 103 104 130 131 
 85 105 132 133 
 86 106 107 108 133 
 87 88 107 108 109 
 88 89 109 110 111 137 
 89 90 110 111 112 
 90 91 111 112 113 
 91 92 112 113 114 
 92 93 113 114 115 
 93 94 114 115 116 144 
 94 116 117 118 
 95 117 118 119 120 
 96 119 120 121 122 
 97 98 121 122 123 
 98 99 123 124 125 151 
 99 100 124 125 126 
 100 101 125 126 127 154 
 101 102 126 127 128 
 102 103 127 128 129 
 103 104 128 129 130 158 
 104 130 131 132 
 105 106 131 132 133 
 106 107 108 132 133 134 135 161 
 107 108 133 134 135 136 
 108 109 135 136 137 
 109 110 136 137 138 
 110 111 112 137 138 139 
 111 112 113 138 139 140 
 112 113 114 139 140 141 
 113 114 115 140 141 142 
 114 115 141 142 143 
 115 116 142 143 144 
 116 117 143 144 145 
 117 118 119 144 145 146 
 118 119 120 145 146 147 
 119 120 121 146 147 148 
 120 121 122 147 148 149 
 121 122 148 149 150 
 122 123 149 150 151 
 123 124 150 151 152 
 124 125 126 151 152 153 
 125 126 127 152 153 154 
 126 127 128 153 154 155 
 127 128 129 154 155 156 
 128 129 155 156 157 
 129 130 156 157 158 
 130 131 157 158 159 
 131 132 133 158 159 160 
 132 133 159 160 161 
 133 134 160 161 
 134 135 136 160 161 170 171 
 135 136 161 162 170 171 
 136 137 138 162 171 172 
 137 138 139 162 163 172 
 138 139 140 163 172 173 
 139 140 141 163 173 174 
 140 141 142 173 174 175 
 141 142 143 174 175 176 
 142 143 144 164 175 176 
 143 144 145 164 176 177 
 144 145 164 165 177 
 145 146 147 165 177 178 
 146 147 148 165 178 179 
 147 148 149 178 179 180 
 148 149 150 179 180 181 
 149 150 166 180 181 
 150 151 152 166 181 182 
 151 152 153 166 167 182 
 152 153 154 167 182 183 
 153 154 155 167 183 184 
 154 155 156 183 184 185 
 155 156 157 184 185 
 156 157 158 168 185 
 157 158 159 168 
 158 159 168 169 
 159 160 161 169 
 160 161 169 
 161 170 
 162 163 170 171 172 173 
 163 172 173 174 
 164 165 175 176 177 
 165 177 178 179 
 166 167 180 181 182 183 
 167 182 183 184 
 168 169 185 
 169 
 170 171 
 171 172 
 172 173 
 173 174 
 174 175 
 175 176 
 176 177 
 177 178 
 178 179 
 179 180 
 180 181 
 181 182 
 182 183 
 183 184 
 184 185 
 185 
