     -3.45     -24.11       1.71    0 1480      85.98 0 0
     11.40     -21.54       1.69    1 1449      86.03 0 0
     21.67     -10.80       1.70    2 1510      85.99 0 0
     23.93       4.03       1.73    3 1479      85.92 0 0
     16.93      17.43       1.70    4 1478      85.99 0 0
      3.55      24.22       1.66    5 1551      86.12 0 0
    -11.30      21.57       1.77    6 1468      85.85 0 0
    -21.92      10.81       1.68    7 1514      86.08 0 0
    -23.96      -4.09       1.69    8 1589      86.02 0 0
    -17.06     -17.64       1.67    9 1585      86.12 0 0
      3.90     -24.08       6.56   10 1678      74.94 0 0
     17.24     -17.11       6.56   11 1801      74.89 0 0
     24.08      -3.58       6.53   12 1849      74.98 0 0
     21.62      11.20       6.59   13 1806      74.85 0 0
     10.86      21.88       6.57   14 1803      74.94 0 0
     -4.16      24.21       6.56   15 1866      75.04 0 0
    -17.29      17.15       6.59   16 1868      74.86 0 0
    -24.05       3.73       6.58   17 1901      74.86 0 0
    -21.71     -11.21       6.63   18 1872      74.81 0 0
    -11.01     -21.66       6.56   19 1814      74.90 0 0
     -2.16     -28.77      11.66   20  925      67.99 0 0
     12.83     -26.06      11.61   21 1056      68.21 0 0
     24.73     -15.94      11.53   22 1204      68.60 0 0
     29.52      -0.74      11.73   23 1129      68.33 0 0
     25.83      13.98      11.77   24  954      68.16 0 0
     15.86      24.42      11.82   25  842      67.90 0 0
      2.21      28.79      11.70   26  960      67.95 0 0
    -12.54      26.15      11.56   27 1013      68.27 0 0
    -24.62      15.91      11.62   28 1156      68.38 0 0
    -29.48       0.87      11.72   29 1061      68.34 0 0
    -25.75     -14.27      11.82   30  956      68.12 0 0
    -15.60     -24.65      11.85   31  912      67.89 0 0
     -0.86     -32.92      16.77   32  764      63.01 0 0
     12.85     -30.02      16.74   33  752      62.86 0 0
     23.83     -22.01      16.58   34  768      62.93 0 0
     31.02      -9.37      16.51   35  813      63.00 0 0
     32.25       5.20      16.50   36  948      63.20 0 0
     26.57      19.41      16.56   37  949      63.28 0 0
     15.08      29.42      16.60   38  952      63.33 0 0
      1.13      32.58      16.73   39  784      62.84 0 0
    -12.76      29.95      16.76   40  733      62.75 0 0
    -24.06      21.68      16.64   41  735      62.80 0 0
    -30.96       9.45      16.59   42  796      62.87 0 0
    -32.11      -5.30      16.49   43  897      63.13 0 0
    -26.58     -19.13      16.48   44  952      63.28 0 0
    -14.98     -29.43      16.65   45  908      63.24 0 0
      6.10     -38.72      21.98   46  460      60.72 0 0
     20.84     -30.36      21.71   47  694      59.48 0 0
     30.34     -20.94      21.70   48  628      59.52 0 0
     34.19     -13.04      21.91   49  411      59.09 0 0
     35.98      -4.22      21.73   50  565      59.05 0 0
     36.24       4.57      21.79   51  401      59.18 0 0
     34.27      12.97      21.77   52  614      59.28 0 0
     29.28      21.97      21.83   53  483      59.19 0 0
     21.86      29.64      21.98   54  521      59.17 0 0
      9.35      38.40      22.08   55  455      60.82 0 0
     -6.66      38.52      22.05   56  491      60.58 0 0
    -20.71      30.20      21.68   57  688      59.37 0 0
    -30.41      21.08      21.80   58  637      59.50 0 0
    -34.37      13.34      21.90   59  426      59.28 0 0
    -36.18       4.11      21.70   60  584      59.21 0 0
    -35.89      -4.80      21.82   61  374      58.93 0 0
    -34.26     -12.90      21.70   62  581      59.34 0 0
    -29.33     -21.72      21.88   63  474      59.06 0 0
    -21.71     -29.62      21.96   64  593      59.12 0 0
     -8.77     -38.28      22.18   65  461      60.54 0 0
      7.68     -38.82      27.59   66  841      55.12 0 0
     21.93     -30.14      27.69   67  812      53.40 0 0
     30.64     -21.57      27.62   68  727      53.61 0 0
     34.62     -13.13      27.71   69  581      53.19 0 0
     37.06      -4.26      27.55   70  612      53.55 0 0
     36.56       4.35      27.60   71  640      53.15 0 0
     34.85      13.09      27.70   72  620      53.35 0 0
     30.38      21.42      27.65   73  688      53.36 0 0
     22.62      30.10      27.63   74  891      53.73 0 0
      8.16      38.82      27.68   75  843      55.09 0 0
     -7.47      38.88      27.65   76  840      55.07 0 0
    -22.09      30.21      27.67   77  835      53.52 0 0
    -30.80      21.61      27.71   78  743      53.63 0 0
    -34.71      12.88      27.60   79  650      53.29 0 0
    -36.60       4.23      27.66   80  629      53.11 0 0
    -36.18      -4.53      27.78   81  633      52.70 0 0
    -34.77     -13.13      27.55   82  681      53.45 0 0
    -30.19     -21.55      27.64   83  666      53.31 0 0
    -22.29     -30.19      27.70   84  864      53.57 0 0
     -7.89     -38.95      27.62   85  832      55.20 0 0
      7.94     -38.97      33.64   86  846      49.78 0 0
     22.45     -30.11      33.70   87  748      48.11 0 0
     30.73     -21.60      33.67   88  603      48.14 0 0
     34.82     -12.92      33.64   89  597      47.83 0 0
     36.81      -4.47      33.63   90  554      47.80 0 0
     36.81       4.25      33.67   91  568      47.74 0 0
     34.90      12.89      33.59   92  538      47.92 0 0
     30.45      21.37      33.56   93  609      47.94 0 0
     22.39      30.27      33.65   94  757      48.21 0 0
      8.13      38.94      33.66   95  846      49.77 0 0
     -7.67      38.94      33.66   96  795      49.70 0 0
    -22.24      30.29      33.68   97  755      48.14 0 0
    -30.45      21.70      33.58   98  604      48.08 0 0
    -34.84      12.99      33.58   99  576      47.92 0 0
    -36.68       4.43      33.72  100  549      47.62 0 0
    -36.78      -4.40      33.60  101  534      47.79 0 0
    -34.92     -12.86      33.61  102  564      47.91 0 0
    -30.33     -21.49      33.67  103  621      47.83 0 0
    -22.37     -30.13      33.66  104  779      48.11 0 0
     -8.03     -38.96      33.62  105  743      49.80 0 0
      3.49     -36.23      40.03  106  639      42.28 0 0
     10.34     -35.08      40.03  107  671      42.42 0 0
     16.97     -31.97      40.15  108  622      42.03 0 0
     24.13     -26.42      40.19  109  668      41.68 0 0
     31.27     -17.26      40.17  110  544      41.65 0 0
     34.32     -10.39      40.20  111  529      41.74 0 0
     35.27      -3.55      40.05  112  480      41.51 0 0
     35.17       3.44      40.12  113  548      41.37 0 0
     34.13      10.09      40.20  114  521      41.51 0 0
     31.17      17.27      40.23  115  525      41.53 0 0
     24.16      26.29      40.22  116  715      41.59 0 0
     17.08      31.95      40.22  117  598      42.01 0 0
     10.42      35.00      40.07  118  712      42.35 0 0
      3.48      35.77      40.01  119  635      41.93 0 0
     -3.52      35.81      40.09  120  697      41.91 0 0
    -10.43      35.15      40.07  121  707      42.46 0 0
    -16.97      32.05      40.18  122  585      42.07 0 0
    -24.11      26.04      40.22  123  610      41.43 0 0
    -31.20      17.16      40.20  124  542      41.54 0 0
    -34.05      10.26      40.32  125  485      41.41 0 0
    -35.04       3.40      40.27  126  508      41.16 0 0
    -35.06      -3.50      40.29  127  496      41.17 0 0
    -34.29     -10.19      40.21  128  514      41.65 0 0
    -31.42     -17.29      40.22  129  600      41.73 0 0
    -24.06     -26.18      40.27  130  664      41.44 0 0
    -17.03     -32.11      40.20  131  624      42.12 0 0
    -10.27     -34.87      40.02  132  639      42.25 0 0
     -3.53     -35.94      40.18  133  631      41.95 0 0
      3.47     -31.29      47.68  134  525      33.44 0 0
     10.42     -30.02      47.71  135  597      33.67 0 0
     17.31     -26.26      47.74  136  625      33.38 0 0
     26.84     -23.78      47.75  137  377      36.91 0 0
     26.31     -17.30      47.76  138  649      33.40 0 0
     29.95     -10.45      47.67  139  587      33.64 0 0
     31.55      -3.43      47.85  140  577      33.56 0 0
     31.47       3.57      47.89  141  583      33.48 0 0
     29.92      10.38      47.68  142  598      33.59 0 0
     26.31      17.19      47.76  143  631      33.35 0 0
     26.65      24.01      47.80  144  408      36.89 0 0
     17.28      26.46      47.72  145  588      33.51 0 0
     10.34      29.81      47.62  146  585      33.53 0 0
      3.45      31.59      47.70  147  578      33.67 0 0
     -3.59      31.56      47.68  148  578      33.67 0 0
    -10.24      30.06      47.72  149  613      33.65 0 0
    -17.24      26.36      47.61  150  618      33.49 0 0
    -26.80      23.96      47.61  151  445      37.06 0 0
    -26.10      17.35      47.69  152  626      33.31 0 0
    -29.94      10.28      47.69  153  580      33.57 0 0
    -31.56       3.48      47.70  154  537      33.65 0 0
    -31.28      -3.42      47.69  155  563      33.42 0 0
    -29.77     -10.43      47.76  156  585      33.44 0 0
    -26.57     -17.23      47.65  157  638      33.61 0 0
    -26.28     -23.85      47.63  158  410      36.69 0 0
    -17.28     -26.40      47.59  159  633      33.55 0 0
    -10.37     -29.77      47.71  160  590      33.46 0 0
     -3.33     -31.69      47.72  161  614      33.73 0 0
     19.05     -25.56      58.02  162  214      28.79 0 0
     25.82     -18.89      58.07  163  211      28.85 0 0
     25.62      18.94      58.39  164  204      28.62 0 0
     19.01      25.81      58.26  165  195      28.82 0 0
    -19.30      25.62      58.34  166  211      28.80 0 0
    -25.69      19.03      58.40  167  192      28.70 0 0
    -25.44     -19.14      58.52  168  264      28.55 0 0
    -19.08     -25.54      58.79  169  255      28.47 0 0
      4.42     -26.99      58.96  170  578      24.88 0 0
     12.46     -25.78      57.62  171  442      26.43 0 0
     19.25     -19.18      57.15  172  469      25.43 0 0
     25.67     -12.22      57.72  173  462      26.23 0 0
     26.97      -4.44      59.04  174  575      24.84 0 0
     26.95       4.46      59.29  175  563      24.74 0 0
     25.78      12.35      57.64  176  426      26.38 0 0
     19.01      19.08      57.38  177  474      25.14 0 0
     12.27      25.76      57.74  178  424      26.29 0 0
      4.47      26.98      59.04  179  580      24.86 0 0
     -4.43      27.07      59.07  180  614      24.91 0 0
    -12.20      25.74      57.99  181  394      26.16 0 0
    -19.22      19.08      57.28  182  508      25.30 0 0
    -25.79      12.35      57.80  183  426      26.33 0 0
    -26.88       4.57      59.24  184  589      24.72 0 0
    -26.99      -4.45      59.16  185  564      24.81 0 0
