    -16.96     -17.75      -1.84    0 1563      94.30 0 0
    -24.14      -4.16      -1.86    1 1558      94.34 0 0
    -22.11      10.89      -1.85    2 1587      94.30 0 0
    -11.19      21.59      -1.84    3 1659      94.32 0 0
      3.37      24.34      -1.83    4 1634      94.25 0 0
     17.03      17.52      -1.88    5 1688      94.40 0 0
     24.14       4.34      -1.88    6 1581      94.39 0 0
     21.99     -10.69      -1.89    7 1562      94.43 0 0
     11.54     -21.64      -1.82    8 1613      94.25 0 0
     -3.38     -24.32      -1.87    9 1602      94.35 0 0
    -10.90     -21.94       3.01   10 1824      82.99 0 0
    -21.65     -11.25       3.04   11 1886      82.90 0 0
    -24.17       3.49       3.07   12 1765      82.84 0 0
    -17.63      16.93       3.09   13 1843      82.79 0 0
     -4.12      24.07       3.06   14 1874      82.85 0 0
     10.96      21.93       3.10   15 1860      82.78 0 0
     21.76      11.39       3.06   16 1757      82.89 0 0
     24.20      -3.56       3.04   17 1860      82.92 0 0
     17.41     -17.05       3.07   18 1844      82.82 0 0
      4.23     -24.07       3.11   19 1817      82.74 0 0
    -17.14     -17.15       8.01   20 1958      71.72 0 0
    -24.08      -3.86       8.00   21 1946      71.84 0 0
    -21.69      11.14       7.96   22 1967      71.92 0 0
    -10.92      21.70       7.99   23 1975      71.80 0 0
      3.96      24.00       7.98   24 1959      71.85 0 0
     17.24      17.12       7.95   25 1936      71.87 0 0
     24.05       3.68       7.98   26 1938      71.84 0 0
     21.66     -11.10       8.00   27 1967      71.81 0 0
     11.01     -21.63       8.01   28 1961      71.74 0 0
     -3.84     -24.08       7.96   29 1997      71.91 0 0
    -11.48     -21.31      12.90   30 1913      61.94 0 0
    -21.82     -10.63      12.97   31 1933      61.88 0 0
    -23.88       4.42      12.94   32 1942      61.95 0 0
    -16.95      17.46      12.94   33 1911      61.99 0 0
     -3.25      24.14      12.92   34 1944      62.06 0 0
     11.38      21.47      12.96   35 1894      61.93 0 0
     21.82      10.69      12.90   36 1952      62.03 0 0
     23.94      -4.24      12.95   37 1980      61.95 0 0
     17.04     -17.53      12.91   38 2001      62.15 0 0
      3.31     -23.97      12.93   39 1920      61.88 0 0
    -16.18     -24.21      17.98   40  682      58.31 0 0
    -25.81     -13.65      18.17   41  737      58.10 0 0
    -29.25       0.80      18.09   42  945      58.27 0 0
    -24.62      15.82      17.96   43 1030      58.46 0 0
    -12.67      26.29      17.94   44  941      58.42 0 0
      2.56      29.03      17.88   45  844      58.48 0 0
     16.13      24.27      18.06   46  682      58.20 0 0
     25.85      13.77      18.12   47  707      58.26 0 0
     29.38      -0.59      18.12   48  937      58.35 0 0
     24.75     -15.85      17.97   49 1027      58.56 0 0
     12.53     -26.24      17.86   50  985      58.44 0 0
     -2.90     -28.78      17.94   51  811      58.20 0 0
    -14.76     -29.03      23.11   52  658      54.64 0 0
    -26.51     -19.34      22.99   53  907      54.99 0 0
    -31.92      -4.67      22.91   54  801      54.62 0 0
    -30.65       9.78      23.08   55  600      54.34 0 0
    -23.67      21.88      23.11   56  632      54.37 0 0
    -11.94      29.88      23.13   57  547      54.30 0 0
      1.72      31.97      23.13   58  544      54.16 0 0
     14.82      29.14      23.10   59  711      54.76 0 0
     26.41      19.44      22.92   60  872      55.05 0 0
     31.85       4.63      22.90   61  762      54.58 0 0
     30.49     -10.02      23.03   62  600      54.33 0 0
     23.78     -21.93      23.11   63  584      54.46 0 0
     11.85     -30.05      22.99   64  612      54.56 0 0
     -1.53     -32.17      23.14   65  488      54.30 0 0
    -19.15     -26.86      28.23   66  894      49.44 0 0
    -29.04     -16.16      28.17   67  978      49.71 0 0
    -33.22      -1.65      28.17   68  994      49.74 0 0
    -30.18      13.37      28.14   69  948      49.56 0 0
    -21.69      24.88      28.22   70  905      49.48 0 0
     -8.78      31.80      28.20   71  936      49.47 0 0
      6.02      32.41      28.16   72  964      49.49 0 0
     19.12      26.98      28.19   73  927      49.56 0 0
     29.14      15.90      28.17   74  941      49.68 0 0
     33.16       1.52      28.10   75  956      49.76 0 0
     30.27     -13.10      28.19   76  954      49.48 0 0
     21.48     -24.94      28.17   77  939      49.44 0 0
      8.69     -31.80      28.08   78  915      49.58 0 0
     -5.95     -32.47      28.14   79  895      49.55 0 0
    -12.35     -29.27      33.50   80 1182      43.49 0 0
    -23.86     -20.97      33.49   81 1103      43.49 0 0
    -30.75      -8.63      33.44   82 1166      43.68 0 0
    -31.41       5.52      33.47   83 1169      43.62 0 0
    -25.65      18.77      33.53   84 1131      43.47 0 0
    -15.23      28.00      33.48   85 1149      43.60 0 0
     -1.55      31.86      33.45   86 1159      43.64 0 0
     12.39      29.39      33.42   87 1178      43.66 0 0
     23.95      21.11      33.44   88 1149      43.67 0 0
     30.61       8.46      33.49   89 1201      43.48 0 0
     31.35      -5.69      33.47   90 1185      43.59 0 0
     25.83     -18.65      33.45   91 1170      43.61 0 0
     15.11     -27.99      33.52   92 1178      43.50 0 0
      1.58     -31.86      33.46   93 1175      43.63 0 0
    -17.14     -24.49      38.95   94 1047      37.51 0 0
    -26.04     -14.48      38.88   95 1154      37.46 0 0
    -29.77      -1.88      38.96   96 1054      37.44 0 0
    -27.53      11.38      38.93   97 1106      37.42 0 0
    -20.20      22.11      38.90   98 1069      37.59 0 0
     -8.28      28.56      38.97   99 1100      37.35 0 0
      4.69      29.52      38.90  100 1089      37.54 0 0
     17.22      24.35      38.92  101 1114      37.46 0 0
     26.02      14.46      38.92  102 1075      37.41 0 0
     29.76       1.63      38.96  103 1121      37.42 0 0
     27.44     -11.38      38.88  104 1078      37.38 0 0
     20.04     -22.08      38.95  105 1139      37.44 0 0
      8.40     -28.53      38.96  106 1140      37.35 0 0
     -4.87     -29.22      38.91  107 1054      37.29 0 0
    -10.69     -26.57      44.44  108  972      32.80 0 0
    -21.08     -18.99      44.37  109 1003      32.59 0 0
    -27.44      -8.15      44.39  110  947      32.82 0 0
    -28.08       4.68      44.39  111  941      32.67 0 0
    -23.19      16.48      44.35  112 1008      32.68 0 0
    -14.30      24.98      44.37  113  940      32.97 0 0
     -1.93      28.55      44.41  114  976      32.80 0 0
     10.76      26.60      44.45  115  935      32.84 0 0
     21.13      19.13      44.46  116  956      32.66 0 0
     27.42       8.15      44.39  117 1048      32.80 0 0
     28.10      -4.68      44.38  118 1004      32.70 0 0
     23.42     -16.39      44.45  119  986      32.74 0 0
     13.93     -24.93      44.45  120 1028      32.71 0 0
      1.77     -28.62      44.46  121 1028      32.82 0 0
    -18.75     -25.71      53.95  122  259      30.53 0 0
    -26.07     -19.02      53.28  123  224      31.20 0 0
    -26.09      19.26      53.08  124  205      31.42 0 0
    -18.91      25.73      53.95  125  247      30.62 0 0
     18.78      25.66      54.12  126  299      30.43 0 0
     26.08      19.03      53.22  127  213      31.24 0 0
     26.10     -19.09      53.00  128  209      31.39 0 0
     19.08     -25.55      54.25  129  248      30.45 0 0
     -4.90     -27.17      53.59  130  517      27.26 0 0
    -12.21     -25.71      53.66  131  319      27.94 0 0
    -18.62     -19.21      53.17  132  533      26.71 0 0
    -25.86     -12.19      53.55  133  482      28.09 0 0
    -27.10      -3.97      53.98  134  474      26.91 0 0
    -27.06       4.27      54.45  135  409      26.71 0 0
    -25.83      12.10      53.35  136  489      28.13 0 0
    -18.81      19.18      52.92  137  513      26.92 0 0
    -12.08      25.80      53.96  138  332      27.83 0 0
     -4.80      27.15      54.13  139  543      26.99 0 0
      4.46      27.14      53.84  140  543      27.06 0 0
     12.37      25.89      53.49  141  346      28.21 0 0
     18.78      19.24      53.10  142  488      26.86 0 0
     25.74      12.30      53.19  143  465      28.20 0 0
     27.11       3.92      54.07  144  473      26.87 0 0
     27.03      -4.10      54.37  145  456      26.70 0 0
     25.98     -12.06      53.29  146  533      28.26 0 0
     18.88     -19.20      52.98  147  531      26.94 0 0
     12.06     -25.80      53.65  148  356      27.96 0 0
      4.74     -27.03      54.06  149  522      26.91 0 0
     -4.45     -21.88      53.32  150  732      22.72 0 0
    -12.28     -19.15      52.78  151  702      23.32 0 0
    -19.09     -12.32      52.90  152  698      23.25 0 0
    -21.91      -4.50      53.61  153  693      22.65 0 0
    -21.90       4.57      53.69  154  728      22.62 0 0
    -19.18      12.29      52.80  155  697      23.34 0 0
    -12.28      19.14      52.81  156  682      23.30 0 0
     -4.42      21.89      53.41  157  749      22.69 0 0
      4.55      22.01      53.34  158  731      22.85 0 0
     12.29      19.08      52.61  159  747      23.33 0 0
     19.14      12.20      52.68  160  684      23.30 0 0
     21.90       4.44      53.49  161  680      22.67 0 0
     21.89      -4.52      53.64  162  710      22.62 0 0
     19.27     -12.24      52.62  163  698      23.45 0 0
     12.25     -19.14      52.81  164  698      23.28 0 0
      4.41     -21.95      53.48  165  734      22.71 0 0
     -4.52     -16.66      53.53  166  852      17.88 0 0
    -12.27     -12.30      52.74  167  819      18.23 0 0
    -16.59      -4.51      53.64  168  793      17.77 0 0
    -16.69       4.38      53.60  169  843      17.84 0 0
    -12.26      12.29      52.68  170  768      18.23 0 0
     -4.47      16.64      53.49  171  788      17.85 0 0
      4.44      16.65      53.42  172  825      17.88 0 0
     12.32      12.26      52.71  173  831      18.25 0 0
     16.58       4.45      53.50  174  844      17.79 0 0
     16.56      -4.51      53.52  175  838      17.78 0 0
     12.15     -12.32      52.65  176  779      18.19 0 0
      4.30     -16.61      53.64  177  815      17.74 0 0
     -4.38     -11.31      53.85  178  953      12.69 0 0
    -11.28      -4.46      53.82  179  901      12.70 0 0
    -11.31       4.41      53.81  180  913      12.72 0 0
     -4.44      11.20      53.72  181  991      12.65 0 0
      4.48      11.29      53.88  182  949      12.70 0 0
     11.29       4.32      53.99  183  934      12.61 0 0
     11.28      -4.54      53.82  184 1022      12.74 0 0
      4.51     -11.30      53.66  185  940      12.78 0 0
